<?xml version="1.0" encoding="UTF-8"?>
<testsuite name="com.digika.jwt.JwtApplicationTests" tests="1" skipped="0" failures="0" errors="0" timestamp="2022-11-28T15:56:55" hostname="7d315b58de7e" time="0.204">
  <properties/>
  <testcase name="contextLoads()" classname="com.digika.jwt.JwtApplicationTests" time="0.204"/>
  <system-out><![CDATA[15:56:54.312 [Test worker] DEBUG org.springframework.boot.test.context.SpringBootTestContextBootstrapper - Neither @ContextConfiguration nor @ContextHierarchy found for test class [JwtApplicationTests]: using SpringBootContextLoader
15:56:54.316 [Test worker] DEBUG org.springframework.test.context.support.AbstractContextLoader - Could not detect default resource locations for test class [com.digika.jwt.JwtApplicationTests]: no resource found for suffixes {-context.xml, Context.groovy}.
15:56:54.317 [Test worker] INFO org.springframework.test.context.support.AnnotationConfigContextLoaderUtils - Could not detect default configuration classes for test class [com.digika.jwt.JwtApplicationTests]: JwtApplicationTests does not declare any static, non-private, non-final, nested classes annotated with @Configuration.
15:56:54.331 [Test worker] DEBUG org.springframework.boot.test.context.SpringBootTestContextBootstrapper - Using ContextCustomizers for test class [JwtApplicationTests]: [DisableObservabilityContextCustomizer, PropertyMappingContextCustomizer, Customizer, ExcludeFilterContextCustomizer, DuplicateJsonObjectContextCustomizer, MockitoContextCustomizer, TestRestTemplateContextCustomizer]
15:56:54.367 [Test worker] DEBUG org.springframework.context.annotation.ClassPathScanningCandidateComponentProvider - Identified candidate component class: file [/workspaces/jwt-sample/build/classes/java/main/com/digika/jwt/JwtApplication.class]
15:56:54.368 [Test worker] INFO org.springframework.boot.test.context.SpringBootTestContextBootstrapper - Found @SpringBootConfiguration com.digika.jwt.JwtApplication for test class com.digika.jwt.JwtApplicationTests
15:56:54.413 [Test worker] DEBUG org.springframework.test.context.util.TestContextSpringFactoriesUtils - Skipping candidate TestExecutionListener [org.springframework.test.context.transaction.TransactionalTestExecutionListener] due to a missing dependency. Specify custom TestExecutionListener classes or make the default TestExecutionListener classes and their required dependencies available. Offending class: [org/springframework/transaction/interceptor/TransactionAttributeSource]
15:56:54.419 [Test worker] DEBUG org.springframework.test.context.util.TestContextSpringFactoriesUtils - Skipping candidate TestExecutionListener [org.springframework.test.context.jdbc.SqlScriptsTestExecutionListener] due to a missing dependency. Specify custom TestExecutionListener classes or make the default TestExecutionListener classes and their required dependencies available. Offending class: [org/springframework/transaction/interceptor/TransactionAttribute]
15:56:54.421 [Test worker] DEBUG org.springframework.boot.test.context.SpringBootTestContextBootstrapper - Using TestExecutionListeners for test class [JwtApplicationTests]: [ServletTestExecutionListener, DirtiesContextBeforeModesTestExecutionListener, ApplicationEventsTestExecutionListener, MockitoTestExecutionListener, DependencyInjectionTestExecutionListener, DirtiesContextTestExecutionListener, WithSecurityContextTestExecutionListener, EventPublishingTestExecutionListener, ReactorContextTestExecutionListener, RestDocsTestExecutionListener, MockRestServiceServerResetTestExecutionListener, MockMvcPrintOnlyOnFailureTestExecutionListener, WebDriverTestExecutionListener, MockWebServiceServerTestExecutionListener, ResetMocksTestExecutionListener]
15:56:54.422 [Test worker] DEBUG org.springframework.test.context.support.AbstractDirtiesContextTestExecutionListener - Before test class: class [JwtApplicationTests], class annotated with @DirtiesContext [false] with mode [null]

  .   ____          _            __ _ _
 /\\ / ___'_ __ _ _(_)_ __  __ _ \ \ \ \
( ( )\___ | '_ | '_| | '_ \/ _` | \ \ \ \
 \\/  ___)| |_)| | | | | || (_| |  ) ) ) )
  '  |____| .__|_| |_|_| |_\__, | / / / /
 =========|_|==============|___/=/_/_/_/
 :: Spring Boot ::                (v3.0.0)

2022-11-28T15:56:54.611Z  INFO 12805 --- [    Test worker] com.digika.jwt.JwtApplicationTests       : Starting JwtApplicationTests using Java 17.0.4.1 with PID 12805 (started by vscode in /workspaces/jwt-sample)
2022-11-28T15:56:54.612Z  INFO 12805 --- [    Test worker] com.digika.jwt.JwtApplicationTests       : No active profile set, falling back to 1 default profile: "default"
2022-11-28T15:56:55.519Z  INFO 12805 --- [    Test worker] o.s.s.web.DefaultSecurityFilterChain     : Will secure any request with [org.springframework.security.web.session.DisableEncodeUrlFilter@a3b858f, org.springframework.security.web.context.request.async.WebAsyncManagerIntegrationFilter@600bbf9e, org.springframework.security.web.context.SecurityContextHolderFilter@1187dc82, org.springframework.security.web.header.HeaderWriterFilter@2c8a445b, org.springframework.security.web.csrf.CsrfFilter@1c7f6e96, org.springframework.security.web.authentication.logout.LogoutFilter@2326180c, org.springframework.security.oauth2.server.resource.web.authentication.BearerTokenAuthenticationFilter@5dc7841c, org.springframework.security.web.savedrequest.RequestCacheAwareFilter@18e4551, org.springframework.security.web.servletapi.SecurityContextHolderAwareRequestFilter@25d911a, org.springframework.security.web.authentication.AnonymousAuthenticationFilter@18d30e7, org.springframework.security.web.access.ExceptionTranslationFilter@11d2714a, org.springframework.security.web.access.intercept.AuthorizationFilter@2262f0d8]
2022-11-28T15:56:55.542Z  INFO 12805 --- [    Test worker] o.s.b.a.e.web.EndpointLinksResolver      : Exposing 1 endpoint(s) beneath base path '/actuator'
2022-11-28T15:56:55.577Z  INFO 12805 --- [    Test worker] com.digika.jwt.JwtApplicationTests       : Started JwtApplicationTests in 1.13 seconds (process running for 1.716)
]]></system-out>
  <system-err><![CDATA[]]></system-err>
</testsuite>
